-------------------------------------------------------------------------------
Test set: com.mediscreen.patientApi.service.PatientServiceImplTest
-------------------------------------------------------------------------------
<<<<<<< HEAD
<<<<<<< HEAD
Tests run: 12, Failures: 0, Errors: 0, Skipped: 0, Time elapsed: 0.411 s - in com.mediscreen.patientApi.service.PatientServiceImplTest
=======
Tests run: 12, Failures: 0, Errors: 0, Skipped: 0, Time elapsed: 0.346 s - in com.mediscreen.patientApi.service.PatientServiceImplTest
>>>>>>> 7b85438 (Clean package of all services)
=======
Tests run: 12, Failures: 0, Errors: 0, Skipped: 0, Time elapsed: 0.411 s - in com.mediscreen.patientApi.service.PatientServiceImplTest
>>>>>>> be49c38 (small fixes)
