-------------------------------------------------------------------------------
Test set: com.mediscreen.userInterface.controller.ClientControllerTest
-------------------------------------------------------------------------------
<<<<<<< HEAD
<<<<<<< HEAD
Tests run: 17, Failures: 0, Errors: 0, Skipped: 0, Time elapsed: 1.918 s - in com.mediscreen.userInterface.controller.ClientControllerTest
=======
Tests run: 17, Failures: 0, Errors: 0, Skipped: 0, Time elapsed: 2.062 s - in com.mediscreen.userInterface.controller.ClientControllerTest
>>>>>>> 7b85438 (Clean package of all services)
=======
Tests run: 17, Failures: 0, Errors: 0, Skipped: 0, Time elapsed: 1.918 s - in com.mediscreen.userInterface.controller.ClientControllerTest
>>>>>>> be49c38 (small fixes)
